This file contains any messages produced by compilers while
running configure, to aid debugging if configure makes a mistake.

It was created by ratts configure 0.07, which was
generated by GNU Autoconf 2.61.  Invocation command line was

  $ ./configure 

## --------- ##
## Platform. ##
## --------- ##

hostname = timearts-admin-grimm-2.local
uname -m = i386
uname -r = 9.2.2
uname -s = Darwin
uname -v = Darwin Kernel Version 9.2.2: Tue Mar  4 21:17:34 PST 2008; root:xnu-1228.4.31~1/RELEASE_I386

/usr/bin/uname -p = i386
/bin/uname -X     = unknown

/bin/arch              = unknown
/usr/bin/arch -k       = unknown
/usr/convex/getsysinfo = unknown
/usr/bin/hostinfo      = Mach kernel version:
	 Darwin Kernel Version 9.2.2: Tue Mar  4 21:17:34 PST 2008; root:xnu-1228.4.31~1/RELEASE_I386
Kernel configured for up to 2 processors.
2 processors are physically available.
2 processors are logically available.
Processor type: i486 (Intel 80486)
Processors active: 0 1
Primary memory available: 2.00 gigabytes
Default processor set: 58 tasks, 233 threads, 2 processors
Load average: 0.33, Mach factor: 1.65
/bin/machine           = unknown
/usr/bin/oslevel       = unknown
/bin/universe          = unknown

PATH: /Library/Frameworks/Python.framework/Versions/Current/bin
PATH: /usr/bin
PATH: /bin
PATH: /usr/sbin
PATH: /sbin
PATH: /usr/local/bin
PATH: /usr/X11/bin


## ----------- ##
## Core tests. ##
## ----------- ##

configure:1805: checking for a BSD-compatible install
configure:1861: result: /usr/bin/install -c
configure:1872: checking whether build environment is sane
configure:1915: result: yes
configure:1939: WARNING: `missing' script is too old or missing
configure:1980: checking for gawk
configure:2010: result: no
configure:1980: checking for mawk
configure:2010: result: no
configure:1980: checking for nawk
configure:2010: result: no
configure:1980: checking for awk
configure:1996: found /usr/bin/awk
configure:2007: result: awk
configure:2018: checking whether make sets $(MAKE)
configure:2039: result: yes
configure:2276: checking for gcc
configure:2292: found /usr/bin/gcc
configure:2303: result: gcc
configure:2541: checking for C compiler version
configure:2548: gcc --version >&5
i686-apple-darwin9-gcc-4.0.1 (GCC) 4.0.1 (Apple Inc. build 5465)
Copyright (C) 2005 Free Software Foundation, Inc.
This is free software; see the source for copying conditions.  There is NO
warranty; not even for MERCHANTABILITY or FITNESS FOR A PARTICULAR PURPOSE.

configure:2551: $? = 0
configure:2558: gcc -v >&5
Using built-in specs.
Target: i686-apple-darwin9
Configured with: /var/tmp/gcc/gcc-5465~16/src/configure --disable-checking -enable-werror --prefix=/usr --mandir=/share/man --enable-languages=c,objc,c++,obj-c++ --program-transform-name=/^[cg][^.-]*$/s/$/-4.0/ --with-gxx-include-dir=/include/c++/4.0.0 --with-slibdir=/usr/lib --build=i686-apple-darwin9 --with-arch=apple --with-tune=generic --host=i686-apple-darwin9 --target=i686-apple-darwin9
Thread model: posix
gcc version 4.0.1 (Apple Inc. build 5465)
configure:2561: $? = 0
configure:2568: gcc -V >&5
gcc-4.0: argument to `-V' is missing
configure:2571: $? = 1
configure:2594: checking for C compiler default output file name
configure:2621: gcc    conftest.c  >&5
configure:2624: $? = 0
configure:2662: result: a.out
configure:2679: checking whether the C compiler works
configure:2689: ./a.out
configure:2692: $? = 0
configure:2709: result: yes
configure:2716: checking whether we are cross compiling
configure:2718: result: no
configure:2721: checking for suffix of executables
configure:2728: gcc -o conftest    conftest.c  >&5
configure:2731: $? = 0
configure:2755: result: 
configure:2761: checking for suffix of object files
configure:2787: gcc -c   conftest.c >&5
configure:2790: $? = 0
configure:2813: result: o
configure:2817: checking whether we are using the GNU C compiler
configure:2846: gcc -c   conftest.c >&5
configure:2852: $? = 0
configure:2869: result: yes
configure:2874: checking whether gcc accepts -g
configure:2904: gcc -c -g  conftest.c >&5
configure:2910: $? = 0
configure:3009: result: yes
configure:3026: checking for gcc option to accept ISO C89
configure:3100: gcc  -c -g -O2  conftest.c >&5
configure:3106: $? = 0
configure:3129: result: none needed
configure:3158: checking for style of include used by make
configure:3186: result: GNU
configure:3214: checking dependency style of gcc
configure:3304: result: gcc3
configure:3334: checking for a BSD-compatible install
configure:3390: result: /usr/bin/install -c
configure:3431: checking for library containing strerror
configure:3472: gcc -o conftest -g -O2   conftest.c  >&5
configure:3478: $? = 0
configure:3506: result: none required
configure:3520: checking how to run the C preprocessor
configure:3560: gcc -E  conftest.c
configure:3566: $? = 0
configure:3597: gcc -E  conftest.c
conftest.c:12:28: error: ac_nonexistent.h: No such file or directory
configure:3603: $? = 1
configure: failed program was:
| /* confdefs.h.  */
| #define PACKAGE_NAME "ratts"
| #define PACKAGE_TARNAME "ratts"
| #define PACKAGE_VERSION "0.07"
| #define PACKAGE_STRING "ratts 0.07"
| #define PACKAGE_BUGREPORT "moocow@ling.uni-potsdam.de"
| #define PACKAGE "ratts"
| #define VERSION "0.07"
| #define PACKAGE_COMPILED_ON "Tue Mar 25 19:30:42 EDT 2008"
| #define PACKAGE_COMPILED_BY "megrimm"
| /* end confdefs.h.  */
| #include <ac_nonexistent.h>
configure:3636: result: gcc -E
configure:3665: gcc -E  conftest.c
configure:3671: $? = 0
configure:3702: gcc -E  conftest.c
conftest.c:12:28: error: ac_nonexistent.h: No such file or directory
configure:3708: $? = 1
configure: failed program was:
| /* confdefs.h.  */
| #define PACKAGE_NAME "ratts"
| #define PACKAGE_TARNAME "ratts"
| #define PACKAGE_VERSION "0.07"
| #define PACKAGE_STRING "ratts 0.07"
| #define PACKAGE_BUGREPORT "moocow@ling.uni-potsdam.de"
| #define PACKAGE "ratts"
| #define VERSION "0.07"
| #define PACKAGE_COMPILED_ON "Tue Mar 25 19:30:42 EDT 2008"
| #define PACKAGE_COMPILED_BY "megrimm"
| /* end confdefs.h.  */
| #include <ac_nonexistent.h>
configure:3746: checking for grep that handles long lines and -e
configure:3820: result: /usr/bin/grep
configure:3825: checking for egrep
configure:3903: result: /usr/bin/grep -E
configure:3908: checking for ANSI C header files
configure:3938: gcc -c -g -O2  conftest.c >&5
configure:3944: $? = 0
configure:4043: gcc -o conftest -g -O2   conftest.c  >&5
configure:4046: $? = 0
configure:4052: ./conftest
configure:4055: $? = 0
configure:4072: result: yes
configure:4092: checking for fcntl.h
configure:4113: gcc -c -g -O2  conftest.c >&5
configure:4119: $? = 0
configure:4135: result: yes
configure:4092: checking for limits.h
configure:4113: gcc -c -g -O2  conftest.c >&5
configure:4119: $? = 0
configure:4135: result: yes
configure:4092: checking for sys/types.h
configure:4113: gcc -c -g -O2  conftest.c >&5
configure:4119: $? = 0
configure:4135: result: yes
configure:4092: checking for sys/file.h
configure:4113: gcc -c -g -O2  conftest.c >&5
configure:4119: $? = 0
configure:4135: result: yes
configure:4092: checking for sys/ioctl.h
configure:4113: gcc -c -g -O2  conftest.c >&5
configure:4119: $? = 0
configure:4135: result: yes
configure:4092: checking for sys/time.h
configure:4113: gcc -c -g -O2  conftest.c >&5
configure:4119: $? = 0
configure:4135: result: yes
configure:4092: checking for unistd.h
configure:4113: gcc -c -g -O2  conftest.c >&5
configure:4119: $? = 0
configure:4135: result: yes
configure:4473: checking for math.h
configure:4494: gcc -c -g -O2  conftest.c >&5
configure:4500: $? = 0
configure:4516: result: yes
configure:4473: checking for sys/param.h
configure:4494: gcc -c -g -O2  conftest.c >&5
configure:4500: $? = 0
configure:4516: result: yes
configure:4473: checking for sys/signal.h
configure:4494: gcc -c -g -O2  conftest.c >&5
configure:4500: $? = 0
configure:4516: result: yes
configure:4473: checking for sys/stat.h
configure:4494: gcc -c -g -O2  conftest.c >&5
configure:4500: $? = 0
configure:4516: result: yes
configure:4535: checking for an ANSI C-conforming const
configure:4610: gcc -c -g -O2  conftest.c >&5
configure:4616: $? = 0
configure:4631: result: yes
configure:4641: checking for off_t
configure:4671: gcc -c -g -O2  conftest.c >&5
configure:4677: $? = 0
configure:4692: result: yes
configure:4705: checking if we can use float in prototypes
configure:4730: gcc -c -g -O2  conftest.c >&5
configure:4736: $? = 0
configure:4741: result: yes
configure:4840: checking for m_pd.h
configure:4861: gcc -c -g -O2   conftest.c >&5
configure:4867: $? = 0
configure:4882: result: yes
configure:4898: checking whether we are building a debug version
configure:4910: result: no
configure:5089: creating ./config.status

## ---------------------- ##
## Running config.status. ##
## ---------------------- ##

This file was extended by ratts config.status 0.07, which was
generated by GNU Autoconf 2.61.  Invocation command line was

  CONFIG_FILES    = 
  CONFIG_HEADERS  = 
  CONFIG_LINKS    = 
  CONFIG_COMMANDS = 
  $ ./config.status 

on timearts-admin-grimm-2.local

config.status:651: creating config/Makefile
config.status:651: creating src/Makefile
config.status:651: creating dict/Makefile
config.status:651: creating Makefile
config.status:651: creating src/config.h
config.status:921: executing depfiles commands

## ---------------- ##
## Cache variables. ##
## ---------------- ##

ac_cv_c_compiler_gnu=yes
ac_cv_c_const=yes
ac_cv_env_CC_set=
ac_cv_env_CC_value=
ac_cv_env_CFLAGS_set=
ac_cv_env_CFLAGS_value=
ac_cv_env_CPPFLAGS_set=
ac_cv_env_CPPFLAGS_value=
ac_cv_env_CPP_set=
ac_cv_env_CPP_value=
ac_cv_env_LDFLAGS_set=
ac_cv_env_LDFLAGS_value=
ac_cv_env_LIBS_set=
ac_cv_env_LIBS_value=
ac_cv_env_build_alias_set=
ac_cv_env_build_alias_value=
ac_cv_env_host_alias_set=
ac_cv_env_host_alias_value=
ac_cv_env_target_alias_set=
ac_cv_env_target_alias_value=
ac_cv_header_fcntl_h=yes
ac_cv_header_limits_h=yes
ac_cv_header_m_pd_h=yes
ac_cv_header_math_h=yes
ac_cv_header_stdc=yes
ac_cv_header_sys_file_h=yes
ac_cv_header_sys_ioctl_h=yes
ac_cv_header_sys_param_h=yes
ac_cv_header_sys_signal_h=yes
ac_cv_header_sys_stat_h=yes
ac_cv_header_sys_time_h=yes
ac_cv_header_sys_types_h=yes
ac_cv_header_unistd_h=yes
ac_cv_objext=o
ac_cv_path_EGREP='/usr/bin/grep -E'
ac_cv_path_GREP=/usr/bin/grep
ac_cv_path_install='/usr/bin/install -c'
ac_cv_prog_AWK=awk
ac_cv_prog_CPP='gcc -E'
ac_cv_prog_ac_ct_CC=gcc
ac_cv_prog_cc_c89=
ac_cv_prog_cc_g=yes
ac_cv_prog_make_make_set=yes
ac_cv_search_strerror='none required'
ac_cv_type_off_t=yes
am_cv_CC_dependencies_compiler_type=gcc3

## ----------------- ##
## Output variables. ##
## ----------------- ##

ACLOCAL='aclocal-1.9'
AFLAGS=''
AMDEPBACKSLASH='\'
AMDEP_FALSE='#'
AMDEP_TRUE=''
AMTAR='tar'
AUTOCONF='autoconf'
AUTOHEADER='autoheader'
AUTOMAKE='automake-1.9'
AWK='awk'
BUGREPORT=''
CC='gcc'
CCDEPMODE='depmode=gcc3'
CFLAGS=''
CPP='gcc -E'
CPPFLAGS=''
CYGPATH_W='echo'
DEBUG='no'
DEFS='-DHAVE_CONFIG_H'
DEPDIR='.deps'
DFLAGS=' -DMACOSX'
ECHO_C='ECHO_N=''
ECHO_T=''
EGREP='/usr/bin/grep -E'
EXEEXT=''
GREP='/usr/bin/grep'
IFLAGS=''
INSTALL_DATA='${INSTALL} -m 644'
INSTALL_PROGRAM='${INSTALL}'
INSTALL_SCRIPT='${INSTALL}'
INSTALL_STRIP_PROGRAM='${SHELL} $(install_sh) -c -s'
LD='cc'
LDFLAGS=''
LFLAGS='-bundle -undefined suppress  -flat_namespace'
LIBOBJS=''
LIBS=''
LTLIBOBJS=''
MAKEINFO='makeinfo'
OBJEXT='o'
OFLAGS='-O2'
PACKAGE='ratts'
PACKAGE_BUGREPORT='moocow@ling.uni-potsdam.de'
PACKAGE_NAME='ratts'
PACKAGE_STRING='ratts 0.07'
PACKAGE_TARNAME='ratts'
PACKAGE_VERSION='0.07'
PATH_SEPARATOR=':'
PDEXT='pd_darwin'
PD_OBJECT_EXTERNALS=''
SET_MAKE=''
SHELL='/bin/sh'
STRIP=''
VERSION='0.07'
WFLAGS=''
ac_ct_CC='gcc'
am__fastdepCC_FALSE='#'
am__fastdepCC_TRUE=''
am__include='include'
am__leading_dot='.'
am__quote=''
am__tar='${AMTAR} chof - "$$tardir"'
am__untar='${AMTAR} xf -'
bindir='${exec_prefix}/bin'
build_alias=''
datadir='${datarootdir}'
datarootdir='${prefix}/share'
docdir='${datarootdir}/doc/${PACKAGE_TARNAME}'
dvidir='${docdir}'
exec_prefix='${prefix}'
host_alias=''
htmldir='${docdir}'
includedir='${prefix}/include'
infodir='${datarootdir}/info'
install_sh='/ratts-source/config/install-sh'
libdir='${exec_prefix}/lib'
libexecdir='${exec_prefix}/libexec'
localedir='${datarootdir}/locale'
localstatedir='${prefix}/var'
mandir='${datarootdir}/man'
mkdir_p='$(mkinstalldirs)'
oldincludedir='/usr/include'
pddir='${prefix}/pd'
pddocdir='${prefix}/pd/doc/5.reference'
pdexternsdir='${prefix}/pd/externs'
pdfdir='${docdir}'
pdincludedir=''
prefix='/usr/local'
program_transform_name='s,x,x,'
psdir='${docdir}'
sbindir='${exec_prefix}/sbin'
sharedstatedir='${prefix}/com'
sysconfdir='${prefix}/etc'
target_alias=''

## ----------- ##
## confdefs.h. ##
## ----------- ##

#define PACKAGE_NAME "ratts"
#define PACKAGE_TARNAME "ratts"
#define PACKAGE_VERSION "0.07"
#define PACKAGE_STRING "ratts 0.07"
#define PACKAGE_BUGREPORT "moocow@ling.uni-potsdam.de"
#define PACKAGE "ratts"
#define VERSION "0.07"
#define PACKAGE_COMPILED_ON "Tue Mar 25 19:30:42 EDT 2008"
#define PACKAGE_COMPILED_BY "megrimm"
#define STDC_HEADERS 1
#define HAVE_FCNTL_H 1
#define HAVE_LIMITS_H 1
#define HAVE_SYS_TYPES_H 1
#define HAVE_SYS_FILE_H 1
#define HAVE_SYS_IOCTL_H 1
#define HAVE_SYS_TIME_H 1
#define HAVE_UNISTD_H 1
#define HAVE_MATH_H 1
#define HAVE_SYS_PARAM_H 1
#define HAVE_SYS_SIGNAL_H 1
#define HAVE_SYS_STAT_H 1

configure: exit 0
